--------------------------------------------------------------------------------
Release 14.7 Trace  (nt64)
Copyright (c) 1995-2013 Xilinx, Inc.  All rights reserved.

D:\Xilinx\14.7\ISE_DS\ISE\bin\nt64\unwrapped\trce.exe -intstyle ise -v 3 -s 3
-n 3 -fastpaths -xml Driver_VGA.twx Driver_VGA.ncd -o Driver_VGA.twr
Driver_VGA.pcf -ucf Pines.ucf

Design file:              Driver_VGA.ncd
Physical constraint file: Driver_VGA.pcf
Device,package,speed:     xc6slx9,csg324,C,-3 (PRODUCTION 1.23 2013-10-13)
Report level:             verbose report

Environment Variable      Effect 
--------------------      ------ 
NONE                      No environment variables were set
--------------------------------------------------------------------------------

INFO:Timing:3412 - To improve timing, see the Timing Closure User Guide (UG612).
INFO:Timing:2752 - To get complete path coverage, use the unconstrained paths 
   option. All paths that are not constrained will be reported in the 
   unconstrained paths section(s) of the report.
INFO:Timing:3339 - The clock-to-out numbers in this timing report are based on 
   a 50 Ohm transmission line loading model.  For the details of this model, 
   and for more information on accounting for different loading conditions, 
   please see the device datasheet.

================================================================================
Timing constraint: NET "CLK_BUFGP/IBUFG" PERIOD = 10 ns HIGH 50%;
For more information, see Period Analysis in the Timing Closure User Guide (UG612).

 1 path analyzed, 1 endpoint analyzed, 0 failing endpoints
 0 timing errors detected. (0 setup errors, 0 hold errors, 0 component switching limit errors)
 Minimum period is   1.730ns.
--------------------------------------------------------------------------------

Paths for end point CLK50 (SLICE_X12Y31.D6), 1 path
--------------------------------------------------------------------------------
Slack (setup path):     9.105ns (requirement - (data path - clock path skew + uncertainty))
  Source:               CLK50 (FF)
  Destination:          CLK50 (FF)
  Requirement:          10.000ns
  Data Path Delay:      0.860ns (Levels of Logic = 1)
  Clock Path Skew:      0.000ns
  Source Clock:         CLK_BUFGP rising at 0.000ns
  Destination Clock:    CLK_BUFGP rising at 10.000ns
  Clock Uncertainty:    0.035ns

  Clock Uncertainty:          0.035ns  ((TSJ^2 + TIJ^2)^1/2 + DJ) / 2 + PE
    Total System Jitter (TSJ):  0.070ns
    Total Input Jitter (TIJ):   0.000ns
    Discrete Jitter (DJ):       0.000ns
    Phase Error (PE):           0.000ns

  Maximum Data Path at Slow Process Corner: CLK50 to CLK50
    Location             Delay type         Delay(ns)  Physical Resource
                                                       Logical Resource(s)
    -------------------------------------------------  -------------------
    SLICE_X12Y31.DQ      Tcko                  0.447   CLK50
                                                       CLK50
    SLICE_X12Y31.D6      net (fanout=2)        0.124   CLK50
    SLICE_X12Y31.CLK     Tas                   0.289   CLK50
                                                       CLK50_INV_1_o1_INV_0
                                                       CLK50
    -------------------------------------------------  ---------------------------
    Total                                      0.860ns (0.736ns logic, 0.124ns route)
                                                       (85.6% logic, 14.4% route)

--------------------------------------------------------------------------------

Hold Paths: NET "CLK_BUFGP/IBUFG" PERIOD = 10 ns HIGH 50%;
--------------------------------------------------------------------------------

Paths for end point CLK50 (SLICE_X12Y31.D6), 1 path
--------------------------------------------------------------------------------
Slack (hold path):      0.453ns (requirement - (clock path skew + uncertainty - data path))
  Source:               CLK50 (FF)
  Destination:          CLK50 (FF)
  Requirement:          0.000ns
  Data Path Delay:      0.453ns (Levels of Logic = 1)
  Clock Path Skew:      0.000ns
  Source Clock:         CLK_BUFGP rising at 10.000ns
  Destination Clock:    CLK_BUFGP rising at 10.000ns
  Clock Uncertainty:    0.000ns

  Minimum Data Path at Fast Process Corner: CLK50 to CLK50
    Location             Delay type         Delay(ns)  Physical Resource
                                                       Logical Resource(s)
    -------------------------------------------------  -------------------
    SLICE_X12Y31.DQ      Tcko                  0.234   CLK50
                                                       CLK50
    SLICE_X12Y31.D6      net (fanout=2)        0.022   CLK50
    SLICE_X12Y31.CLK     Tah         (-Th)    -0.197   CLK50
                                                       CLK50_INV_1_o1_INV_0
                                                       CLK50
    -------------------------------------------------  ---------------------------
    Total                                      0.453ns (0.431ns logic, 0.022ns route)
                                                       (95.1% logic, 4.9% route)

--------------------------------------------------------------------------------

Component Switching Limit Checks: NET "CLK_BUFGP/IBUFG" PERIOD = 10 ns HIGH 50%;
--------------------------------------------------------------------------------
Slack: 8.270ns (period - min period limit)
  Period: 10.000ns
  Min period limit: 1.730ns (578.035MHz) (Tbcper_I)
  Physical resource: CLK_BUFGP/BUFG/I0
  Logical resource: CLK_BUFGP/BUFG/I0
  Location pin: BUFGMUX_X3Y13.I0
  Clock network: CLK_BUFGP/IBUFG
--------------------------------------------------------------------------------
Slack: 9.595ns (period - min period limit)
  Period: 10.000ns
  Min period limit: 0.405ns (2469.136MHz) (Tcp)
  Physical resource: CLK50/CLK
  Logical resource: CLK50/CK
  Location pin: SLICE_X12Y31.CLK
  Clock network: CLK_BUFGP
--------------------------------------------------------------------------------


All constraints were met.


Data Sheet report:
-----------------
All values displayed in nanoseconds (ns)

Clock to Setup on destination clock CLK
---------------+---------+---------+---------+---------+
               | Src:Rise| Src:Fall| Src:Rise| Src:Fall|
Source Clock   |Dest:Rise|Dest:Rise|Dest:Fall|Dest:Fall|
---------------+---------+---------+---------+---------+
CLK            |    0.895|         |         |         |
---------------+---------+---------+---------+---------+


Timing summary:
---------------

Timing errors: 0  Score: 0  (Setup/Max: 0, Hold: 0)

Constraints cover 1 paths, 0 nets, and 3 connections

Design statistics:
   Minimum period:   1.730ns{1}   (Maximum frequency: 578.035MHz)


------------------------------------Footnotes-----------------------------------
1)  The minimum period statistic assumes all single cycle delays.

Analysis completed Tue Jun 15 16:37:51 2021 
--------------------------------------------------------------------------------

Trace Settings:
-------------------------
Trace Settings 

Peak Memory Usage: 4559 MB



